2019-03-01 08:52:33,806 - BroserEngine - INFO - You had select Chrome browser
2019-03-01 08:52:33,806 - BroserEngine - INFO - the test server url is :http://127.0.0.1/forum.php?
2019-03-01 08:52:36,235 - BroserEngine - INFO - Starting Chrome browser
2019-03-01 08:52:36,625 - BroserEngine - INFO - Open url:http://127.0.0.1/forum.php?
2019-03-01 08:52:37,778 - BroserEngine - INFO - Maximize the current window. 
2019-03-01 08:52:37,783 - BroserEngine - INFO - Wait for 10s to open .
2019-03-01 08:52:41,827 - BasePage - INFO - URL为:http://127.0.0.1/forum.php?
2019-03-01 08:52:41,969 - BasePage - INFO - 输入内容为：rebecca
2019-03-01 08:52:42,218 - BasePage - INFO - 输入内容为：123456
2019-03-01 08:52:42,421 - BasePage - INFO - 已单击
2019-03-01 08:52:47,831 - BasePage - INFO - 已单击
2019-03-01 08:52:53,141 - BasePage - INFO - 已单击
2019-03-01 08:52:57,778 - BasePage - INFO - 已单击
2019-03-01 08:53:03,117 - BasePage - INFO - 输入内容为：第10投票哈哈哈
2019-03-01 08:53:03,316 - BasePage - INFO - 输入内容为：开心
2019-03-01 08:53:03,578 - BasePage - INFO - 输入内容为：伤心
2019-03-01 08:53:03,831 - BasePage - INFO - 输入内容为：还有
2019-03-01 08:53:09,040 - BasePage - INFO - 已单击
2019-03-01 08:53:16,304 - BasePage - INFO - 已单击
2019-03-01 08:53:20,398 - BasePage - INFO - 已单击
2019-03-01 08:53:23,586 - BasePage - INFO - 文本内容为:1.  开心
2019-03-01 08:53:23,755 - BasePage - INFO - 文本内容为:(1)
2019-03-01 08:53:23,947 - BasePage - INFO - 文本内容为:2.  伤心
2019-03-01 08:53:24,102 - BasePage - INFO - 文本内容为:(0)
2019-03-01 08:53:24,167 - BasePage - INFO - 文本内容为:3.  还有
2019-03-01 08:53:24,224 - BasePage - INFO - 文本内容为:(0)
2019-03-01 08:53:29,767 - BasePage - INFO - 刷新成功
2019-03-01 08:53:30,366 - BasePage - INFO - 刷新成功
2019-03-01 08:53:30,992 - BasePage - INFO - 已单击
