2019-03-03 09:49:49,613 - BroserEngine - INFO - You had select Chrome browser
2019-03-03 09:49:49,613 - BroserEngine - INFO - the test server url is :http://127.0.0.1/forum.php?
2019-03-03 09:49:52,243 - BroserEngine - INFO - Starting Chrome browser
2019-03-03 09:49:52,850 - BroserEngine - INFO - Open url:http://127.0.0.1/forum.php?
2019-03-03 09:49:54,094 - BroserEngine - INFO - Maximize the current window. 
2019-03-03 09:49:54,096 - BroserEngine - INFO - Wait for 10s to open .
2019-03-03 09:49:54,261 - BasePage - INFO - URL为:http://127.0.0.1/forum.php?
2019-03-03 09:49:54,448 - BasePage - INFO - 输入内容为：rebecca
2019-03-03 09:49:54,759 - BasePage - INFO - 输入内容为：123456
2019-03-03 09:49:54,957 - BasePage - INFO - 已单击
2019-03-03 09:50:00,366 - BasePage - INFO - 已单击
2019-03-03 09:50:05,952 - BasePage - INFO - 已单击
2019-03-03 09:50:10,481 - BasePage - INFO - 已单击
2019-03-03 09:50:15,711 - BasePage - INFO - 输入内容为：第11投票哈哈哈
2019-03-03 09:50:15,793 - BasePage - INFO - 输入内容为：开心
2019-03-03 09:50:15,915 - BasePage - INFO - 输入内容为：伤心
2019-03-03 09:50:16,005 - BasePage - INFO - 输入内容为：还有
2019-03-03 09:50:21,383 - BasePage - INFO - 已单击
2019-03-03 09:50:28,520 - BasePage - INFO - 已单击
2019-03-03 09:50:32,470 - BasePage - INFO - 已单击
2019-03-03 09:50:41,052 - BasePage - INFO - 成功
2019-03-03 09:50:41,746 - BasePage - INFO - 刷新成功
2019-03-03 09:50:42,557 - BasePage - INFO - 刷新成功
2019-03-03 09:50:43,185 - BasePage - INFO - 已单击
