2019-03-03 11:02:57,121 - BroserEngine - INFO - You had select Chrome browser
2019-03-03 11:02:57,121 - BroserEngine - INFO - the test server url is :http://127.0.0.1/forum.php?
2019-03-03 11:02:59,486 - BroserEngine - INFO - Starting Chrome browser
2019-03-03 11:02:59,911 - BroserEngine - INFO - Open url:http://127.0.0.1/forum.php?
2019-03-03 11:03:01,102 - BroserEngine - INFO - Maximize the current window. 
2019-03-03 11:03:01,107 - BroserEngine - INFO - Wait for 10s to open .
2019-03-03 11:03:01,300 - BasePage - INFO - URL为:http://127.0.0.1/forum.php?
2019-03-03 11:03:01,465 - BasePage - INFO - 输入内容为：rebecca
2019-03-03 11:03:01,769 - BasePage - INFO - 输入内容为：123456
2019-03-03 11:03:02,058 - BasePage - INFO - 已单击
2019-03-03 11:03:07,756 - BasePage - INFO - 已单击
2019-03-03 11:03:12,836 - BasePage - INFO - 输入内容为：测试
2019-03-03 11:03:13,078 - BasePage - INFO - 输入内容为：2019.02.02上午11：00整
2019-03-03 11:03:17,540 - BasePage - INFO - 已单击
2019-03-03 11:03:17,541 - ForumHomePage - INFO - 发表帖子成功
2019-03-03 11:03:32,844 - BasePage - INFO - 输入内容为：2019年2月17日上午10点整！
2019-03-03 11:03:33,348 - BasePage - INFO - 已单击
2019-03-03 11:03:38,370 - BasePage - INFO - 成功
2019-03-03 11:03:39,802 - BasePage - INFO - 已单击
2019-03-03 11:03:56,965 - BroserEngine - INFO - You had select Chrome browser
2019-03-03 11:03:56,965 - BroserEngine - INFO - the test server url is :http://127.0.0.1/forum.php?
2019-03-03 11:03:59,277 - BroserEngine - INFO - Starting Chrome browser
2019-03-03 11:03:59,684 - BroserEngine - INFO - Open url:http://127.0.0.1/forum.php?
2019-03-03 11:04:00,854 - BroserEngine - INFO - Maximize the current window. 
2019-03-03 11:04:00,857 - BroserEngine - INFO - Wait for 10s to open .
2019-03-03 11:04:01,024 - BasePage - INFO - URL为:http://127.0.0.1/forum.php?
2019-03-03 11:04:01,136 - BasePage - INFO - 输入内容为：admin
2019-03-03 11:04:01,238 - BasePage - INFO - 输入内容为：zjj
2019-03-03 11:04:01,311 - BasePage - INFO - 已单击
2019-03-03 11:04:06,578 - BasePage - INFO - 已单击
2019-03-03 11:04:12,527 - BasePage - INFO - 已单击
2019-03-03 11:04:15,074 - BasePage - INFO - 已单击
2019-03-03 11:04:19,015 - BasePage - INFO - 已单击
2019-03-03 11:04:23,609 - BasePage - INFO - 已单击
2019-03-03 11:04:26,622 - BasePage - INFO - 成功
2019-03-03 11:04:38,251 - BasePage - ERROR - 未找到Message: 

2019-03-03 11:04:38,252 - BasePage - ERROR - 未输入内容：'NoneType' object has no attribute 'send_keys'
2019-03-03 11:04:52,853 - BasePage - ERROR - 未找到Message: 

2019-03-03 11:04:52,854 - BasePage - ERROR - 单击未成功：'NoneType' object has no attribute 'click' 
2019-03-03 11:05:03,212 - BasePage - INFO - 已单击
2019-03-03 11:05:10,500 - BasePage - INFO - 已单击
2019-03-03 11:05:10,700 - BasePage - INFO - 输入前清除内容
2019-03-03 11:05:13,807 - BasePage - INFO - 输入内容为：123
2019-03-03 11:05:19,467 - BasePage - INFO - 已单击
2019-03-03 11:05:23,496 - BasePage - INFO - 成功关闭当前窗口
2019-03-03 11:05:23,575 - BasePage - INFO - 成功
2019-03-03 11:05:23,875 - BasePage - INFO - 刷新成功
2019-03-03 11:05:44,962 - BasePage - ERROR - 未找到Message: chrome not reachable
  (Session info: chrome=69.0.3497.100)
  (Driver info: chromedriver=2.41.578737 (49da6702b16031c40d63e5618de03a32ff6c197e),platform=Windows NT 10.0.17134 x86_64)

2019-03-03 11:05:44,962 - BasePage - ERROR - 单击未成功：'NoneType' object has no attribute 'click' 
2019-03-03 11:06:14,192 - BroserEngine - INFO - You had select Chrome browser
2019-03-03 11:06:14,192 - BroserEngine - INFO - the test server url is :http://127.0.0.1/forum.php?
2019-03-03 11:06:16,653 - BroserEngine - INFO - Starting Chrome browser
2019-03-03 11:06:17,088 - BroserEngine - INFO - Open url:http://127.0.0.1/forum.php?
2019-03-03 11:06:18,236 - BroserEngine - INFO - Maximize the current window. 
2019-03-03 11:06:18,237 - BroserEngine - INFO - Wait for 10s to open .
2019-03-03 11:06:18,410 - BasePage - INFO - URL为:http://127.0.0.1/forum.php?
2019-03-03 11:06:18,593 - BasePage - INFO - 输入内容为：rebecca
2019-03-03 11:06:18,690 - BasePage - INFO - 输入内容为：123456
2019-03-03 11:06:18,774 - BasePage - INFO - 已单击
2019-03-03 11:06:23,996 - BasePage - INFO - 输入内容为：haotest
2019-03-03 11:06:24,117 - BasePage - INFO - 已单击
2019-03-03 11:06:24,124 - BasePage - INFO - 成功
2019-03-03 11:06:29,257 - BasePage - INFO - 已单击
2019-03-03 11:06:29,267 - BasePage - INFO - 成功
2019-03-03 11:06:30,860 - BasePage - INFO - 刷新成功
2019-03-03 11:06:35,891 - BasePage - ERROR - 未找到Message: no such window: target window already closed
from unknown error: web view not found
  (Session info: chrome=69.0.3497.100)
  (Driver info: chromedriver=2.41.578737 (49da6702b16031c40d63e5618de03a32ff6c197e),platform=Windows NT 10.0.17134 x86_64)

2019-03-03 11:06:35,892 - BasePage - ERROR - 单击未成功：'NoneType' object has no attribute 'click' 
2019-03-03 11:06:53,162 - BroserEngine - INFO - You had select Chrome browser
2019-03-03 11:06:53,163 - BroserEngine - INFO - the test server url is :http://127.0.0.1/forum.php?
2019-03-03 11:06:55,819 - BroserEngine - INFO - Starting Chrome browser
2019-03-03 11:06:56,245 - BroserEngine - INFO - Open url:http://127.0.0.1/forum.php?
2019-03-03 11:06:57,427 - BroserEngine - INFO - Maximize the current window. 
2019-03-03 11:06:57,431 - BroserEngine - INFO - Wait for 10s to open .
2019-03-03 11:06:57,635 - BasePage - INFO - URL为:http://127.0.0.1/forum.php?
2019-03-03 11:06:57,799 - BasePage - INFO - 输入内容为：rebecca
2019-03-03 11:06:58,043 - BasePage - INFO - 输入内容为：123456
2019-03-03 11:06:58,188 - BasePage - INFO - 已单击
2019-03-03 11:07:09,253 - BasePage - ERROR - 未找到Message: chrome not reachable
  (Session info: chrome=69.0.3497.100)
  (Driver info: chromedriver=2.41.578737 (49da6702b16031c40d63e5618de03a32ff6c197e),platform=Windows NT 10.0.17134 x86_64)

2019-03-03 11:07:09,254 - BasePage - ERROR - 单击未成功：'NoneType' object has no attribute 'click' 
2019-03-03 11:07:20,342 - BasePage - ERROR - 未找到Message: chrome not reachable
  (Session info: chrome=69.0.3497.100)
  (Driver info: chromedriver=2.41.578737 (49da6702b16031c40d63e5618de03a32ff6c197e),platform=Windows NT 10.0.17134 x86_64)

2019-03-03 11:07:20,342 - BasePage - ERROR - 单击未成功：'NoneType' object has no attribute 'click' 
2019-03-03 11:07:30,440 - BasePage - ERROR - 未找到Message: chrome not reachable
  (Session info: chrome=69.0.3497.100)
  (Driver info: chromedriver=2.41.578737 (49da6702b16031c40d63e5618de03a32ff6c197e),platform=Windows NT 10.0.17134 x86_64)

2019-03-03 11:07:30,441 - BasePage - ERROR - 单击未成功：'NoneType' object has no attribute 'click' 
2019-03-03 11:07:41,508 - BasePage - ERROR - 未找到Message: chrome not reachable
  (Session info: chrome=69.0.3497.100)
  (Driver info: chromedriver=2.41.578737 (49da6702b16031c40d63e5618de03a32ff6c197e),platform=Windows NT 10.0.17134 x86_64)

2019-03-03 11:07:41,508 - BasePage - ERROR - 未输入内容：'NoneType' object has no attribute 'send_keys'
2019-03-03 11:07:47,586 - BasePage - ERROR - 未找到Message: chrome not reachable
  (Session info: chrome=69.0.3497.100)
  (Driver info: chromedriver=2.41.578737 (49da6702b16031c40d63e5618de03a32ff6c197e),platform=Windows NT 10.0.17134 x86_64)

2019-03-03 11:07:47,587 - BasePage - ERROR - 未输入内容：'NoneType' object has no attribute 'send_keys'
2019-03-03 11:07:53,657 - BasePage - ERROR - 未找到Message: chrome not reachable
  (Session info: chrome=69.0.3497.100)
  (Driver info: chromedriver=2.41.578737 (49da6702b16031c40d63e5618de03a32ff6c197e),platform=Windows NT 10.0.17134 x86_64)

2019-03-03 11:07:53,658 - BasePage - ERROR - 未输入内容：'NoneType' object has no attribute 'send_keys'
2019-03-03 11:07:59,733 - BasePage - ERROR - 未找到Message: chrome not reachable
  (Session info: chrome=69.0.3497.100)
  (Driver info: chromedriver=2.41.578737 (49da6702b16031c40d63e5618de03a32ff6c197e),platform=Windows NT 10.0.17134 x86_64)

2019-03-03 11:07:59,734 - BasePage - ERROR - 未输入内容：'NoneType' object has no attribute 'send_keys'
2019-03-03 11:08:10,821 - BasePage - ERROR - 未找到Message: chrome not reachable
  (Session info: chrome=69.0.3497.100)
  (Driver info: chromedriver=2.41.578737 (49da6702b16031c40d63e5618de03a32ff6c197e),platform=Windows NT 10.0.17134 x86_64)

2019-03-03 11:08:10,821 - BasePage - ERROR - 单击未成功：'NoneType' object has no attribute 'click' 
2019-03-03 11:08:23,896 - BasePage - ERROR - 未找到Message: chrome not reachable
  (Session info: chrome=69.0.3497.100)
  (Driver info: chromedriver=2.41.578737 (49da6702b16031c40d63e5618de03a32ff6c197e),platform=Windows NT 10.0.17134 x86_64)

2019-03-03 11:08:23,896 - BasePage - ERROR - 单击未成功：'NoneType' object has no attribute 'click' 
2019-03-03 11:08:32,945 - BasePage - ERROR - 未找到Message: chrome not reachable
  (Session info: chrome=69.0.3497.100)
  (Driver info: chromedriver=2.41.578737 (49da6702b16031c40d63e5618de03a32ff6c197e),platform=Windows NT 10.0.17134 x86_64)

2019-03-03 11:08:32,945 - BasePage - ERROR - 单击未成功：'NoneType' object has no attribute 'click' 
2019-03-03 11:08:41,984 - BasePage - ERROR - 未找到：Message: chrome not reachable
  (Session info: chrome=69.0.3497.100)
  (Driver info: chromedriver=2.41.578737 (49da6702b16031c40d63e5618de03a32ff6c197e),platform=Windows NT 10.0.17134 x86_64)

