2019-03-02 09:33:01,006 - BroserEngine - INFO - You had select Chrome browser
2019-03-02 09:33:01,007 - BroserEngine - INFO - the test server url is :http://127.0.0.1/forum.php?
2019-03-02 09:33:03,675 - BroserEngine - INFO - Starting Chrome browser
2019-03-02 09:33:04,016 - BroserEngine - INFO - Open url:http://127.0.0.1/forum.php?
2019-03-02 09:33:05,169 - BroserEngine - INFO - Maximize the current window. 
2019-03-02 09:33:05,173 - BroserEngine - INFO - Wait for 10s to open .
2019-03-02 09:33:08,983 - BasePage - INFO - URL为:http://127.0.0.1/forum.php?
2019-03-02 09:33:09,127 - BasePage - INFO - 输入内容为：rebecca
2019-03-02 09:33:09,218 - BasePage - INFO - 输入内容为：123456
2019-03-02 09:33:09,299 - BasePage - INFO - 已单击
2019-03-02 09:33:14,553 - BasePage - INFO - 已单击
2019-03-02 09:33:19,869 - BasePage - INFO - 已单击
2019-03-02 09:33:24,337 - BasePage - INFO - 已单击
2019-03-02 09:33:29,680 - BasePage - INFO - 输入内容为：第10投票哈哈哈
2019-03-02 09:33:29,773 - BasePage - INFO - 输入内容为：开心
2019-03-02 09:33:29,859 - BasePage - INFO - 输入内容为：伤心
2019-03-02 09:33:29,947 - BasePage - INFO - 输入内容为：还有
2019-03-02 09:33:35,294 - BasePage - INFO - 已单击
2019-03-02 09:33:42,618 - BasePage - INFO - 已单击
2019-03-02 09:33:46,497 - BasePage - INFO - 已单击
2019-03-02 09:33:55,297 - BasePage - INFO - 成功
2019-03-02 09:33:55,617 - BasePage - INFO - 刷新成功
2019-03-02 09:33:55,784 - BasePage - INFO - 刷新成功
2019-03-02 09:33:56,018 - BasePage - INFO - 已单击
