2019-03-01 09:04:13,180 - BroserEngine - INFO - You had select Chrome browser
2019-03-01 09:04:13,180 - BroserEngine - INFO - the test server url is :http://127.0.0.1/forum.php?
2019-03-01 09:04:16,431 - BroserEngine - INFO - Starting Chrome browser
2019-03-01 09:04:16,888 - BroserEngine - INFO - Open url:http://127.0.0.1/forum.php?
2019-03-01 09:04:18,053 - BroserEngine - INFO - Maximize the current window. 
2019-03-01 09:04:18,055 - BroserEngine - INFO - Wait for 10s to open .
2019-03-01 09:04:21,936 - BasePage - INFO - URL为:http://127.0.0.1/forum.php?
2019-03-01 09:04:22,087 - BasePage - INFO - 输入内容为：rebecca
2019-03-01 09:04:22,182 - BasePage - INFO - 输入内容为：123456
2019-03-01 09:04:22,272 - BasePage - INFO - 已单击
2019-03-01 09:04:32,747 - BasePage - INFO - 已单击
2019-03-01 09:04:43,338 - BasePage - INFO - 已单击
2019-03-01 09:04:52,922 - BasePage - INFO - 已单击
2019-03-01 09:04:58,336 - BasePage - INFO - 输入内容为：第10投票哈哈哈
2019-03-01 09:04:58,470 - BasePage - INFO - 输入内容为：开心
2019-03-01 09:04:58,692 - BasePage - INFO - 输入内容为：伤心
2019-03-01 09:04:58,930 - BasePage - INFO - 输入内容为：还有
2019-03-01 09:05:09,366 - BasePage - INFO - 已单击
2019-03-01 09:05:21,545 - BasePage - INFO - 已单击
2019-03-01 09:05:30,867 - BasePage - INFO - 已单击
2019-03-01 09:05:40,125 - BasePage - INFO - 成功
2019-03-01 09:05:41,359 - BasePage - INFO - 刷新成功
2019-03-01 09:05:42,504 - BasePage - INFO - 刷新成功
2019-03-01 09:05:43,028 - BasePage - INFO - 已单击
