2019-03-03 11:19:41,621 - BroserEngine - INFO - You had select Chrome browser
2019-03-03 11:19:41,621 - BroserEngine - INFO - the test server url is :http://127.0.0.1/forum.php?
2019-03-03 11:19:44,304 - BroserEngine - INFO - Starting Chrome browser
2019-03-03 11:19:44,878 - BroserEngine - INFO - Open url:http://127.0.0.1/forum.php?
2019-03-03 11:19:46,084 - BroserEngine - INFO - Maximize the current window. 
2019-03-03 11:19:46,088 - BroserEngine - INFO - Wait for 10s to open .
2019-03-03 11:19:46,343 - BasePage - INFO - URL为:http://127.0.0.1/forum.php?
2019-03-03 11:19:46,645 - BasePage - INFO - 输入内容为：rebecca
2019-03-03 11:19:46,931 - BasePage - INFO - 输入内容为：123456
2019-03-03 11:19:47,223 - BasePage - INFO - 已单击
2019-03-03 11:19:52,359 - BasePage - INFO - 输入内容为：haotest
2019-03-03 11:19:52,470 - BasePage - INFO - 已单击
2019-03-03 11:19:52,475 - BasePage - INFO - 成功
2019-03-03 11:19:57,666 - BasePage - INFO - 已单击
2019-03-03 11:19:57,672 - BasePage - INFO - 成功
2019-03-03 11:19:59,255 - BasePage - INFO - 刷新成功
2019-03-03 11:20:04,357 - BasePage - ERROR - 未找到Message: no such window: target window already closed
from unknown error: web view not found
  (Session info: chrome=69.0.3497.100)
  (Driver info: chromedriver=2.41.578737 (49da6702b16031c40d63e5618de03a32ff6c197e),platform=Windows NT 10.0.17134 x86_64)

2019-03-03 11:20:04,358 - BasePage - ERROR - 单击未成功：'NoneType' object has no attribute 'click' 
