2019-03-03 12:23:34,686 - BroserEngine - INFO - You had select Chrome browser
2019-03-03 12:23:34,686 - BroserEngine - INFO - the test server url is :http://127.0.0.1/forum.php?
2019-03-03 12:23:36,907 - BroserEngine - INFO - Starting Chrome browser
2019-03-03 12:23:37,217 - BroserEngine - INFO - Open url:http://127.0.0.1/forum.php?
2019-03-03 12:23:38,364 - BroserEngine - INFO - Maximize the current window. 
2019-03-03 12:23:38,366 - BroserEngine - INFO - Wait for 10s to open .
2019-03-03 12:23:38,489 - BasePage - INFO - URL为:http://127.0.0.1/forum.php?
2019-03-03 12:23:38,612 - BasePage - INFO - 输入内容为：rebecca
2019-03-03 12:23:38,686 - BasePage - INFO - 输入内容为：123456
2019-03-03 12:23:38,756 - BasePage - INFO - 已单击
2019-03-03 12:23:44,021 - BasePage - INFO - 已单击
2019-03-03 12:23:49,121 - BasePage - INFO - 输入内容为：haotest
2019-03-03 12:23:49,234 - BasePage - INFO - 输入内容为：2019.02.02上午11：00整
2019-03-03 12:23:53,401 - BasePage - INFO - 已单击
2019-03-03 12:23:53,401 - ForumHomePage - INFO - 发表帖子成功
2019-03-03 12:24:08,561 - BasePage - INFO - 输入内容为：2019年2月17日上午10点整！
2019-03-03 12:24:08,781 - BasePage - INFO - 已单击
2019-03-03 12:24:13,794 - BasePage - INFO - 成功
2019-03-03 12:24:14,468 - BasePage - INFO - 已单击
2019-03-03 12:24:31,683 - BroserEngine - INFO - You had select Chrome browser
2019-03-03 12:24:31,683 - BroserEngine - INFO - the test server url is :http://127.0.0.1/forum.php?
2019-03-03 12:24:33,993 - BroserEngine - INFO - Starting Chrome browser
2019-03-03 12:24:34,318 - BroserEngine - INFO - Open url:http://127.0.0.1/forum.php?
2019-03-03 12:24:35,479 - BroserEngine - INFO - Maximize the current window. 
2019-03-03 12:24:35,481 - BroserEngine - INFO - Wait for 10s to open .
2019-03-03 12:24:35,589 - BasePage - INFO - URL为:http://127.0.0.1/forum.php?
2019-03-03 12:24:35,694 - BasePage - INFO - 输入内容为：admin
2019-03-03 12:24:35,789 - BasePage - INFO - 输入内容为：zjj
2019-03-03 12:24:35,859 - BasePage - INFO - 已单击
2019-03-03 12:24:41,133 - BasePage - INFO - 已单击
2019-03-03 12:24:47,014 - BasePage - INFO - 已单击
2019-03-03 12:24:49,216 - BasePage - INFO - 已单击
2019-03-03 12:24:52,584 - BasePage - INFO - 已单击
2019-03-03 12:24:56,691 - BasePage - INFO - 已单击
2019-03-03 12:24:59,706 - BasePage - INFO - 成功
2019-03-03 12:25:00,828 - BasePage - INFO - 输入内容为：zjj
2019-03-03 12:25:26,779 - BasePage - INFO - 已单击
2019-03-03 12:25:32,019 - BasePage - INFO - 已单击
2019-03-03 12:25:34,243 - BasePage - INFO - 已单击
2019-03-03 12:25:34,291 - BasePage - INFO - 输入前清除内容
2019-03-03 12:25:37,402 - BasePage - INFO - 输入内容为：123
2019-03-03 12:25:37,618 - BasePage - INFO - 已单击
2019-03-03 12:25:41,669 - BasePage - INFO - 成功关闭当前窗口
2019-03-03 12:25:41,684 - BasePage - INFO - 成功
2019-03-03 12:25:41,881 - BasePage - INFO - 刷新成功
2019-03-03 12:25:57,076 - BasePage - INFO - 已单击
2019-03-03 12:26:18,227 - BasePage - INFO - URL为:http://127.0.0.1/forum.php?
2019-03-03 12:26:18,320 - BasePage - INFO - 输入内容为：rebecca
2019-03-03 12:26:18,392 - BasePage - INFO - 输入内容为：123456
2019-03-03 12:26:18,460 - BasePage - INFO - 已单击
2019-03-03 12:26:23,727 - BasePage - INFO - 已单击
2019-03-03 12:26:25,832 - BasePage - INFO - 输入内容为：我是用户
2019-03-03 12:26:25,924 - BasePage - INFO - 输入内容为：我在新板块下发帖
2019-03-03 12:26:29,818 - BasePage - INFO - 已单击
2019-03-03 12:26:29,818 - ForumHomePage - INFO - 发表帖子成功
2019-03-03 12:26:44,990 - BasePage - INFO - 输入内容为：我也是用户，我在新板块下回复
2019-03-03 12:26:45,248 - BasePage - INFO - 已单击
2019-03-03 12:26:50,263 - BasePage - INFO - 成功
2019-03-03 12:26:50,507 - BasePage - INFO - 已单击
2019-03-03 12:27:07,727 - BroserEngine - INFO - You had select Chrome browser
2019-03-03 12:27:07,727 - BroserEngine - INFO - the test server url is :http://127.0.0.1/forum.php?
2019-03-03 12:27:10,016 - BroserEngine - INFO - Starting Chrome browser
2019-03-03 12:27:10,327 - BroserEngine - INFO - Open url:http://127.0.0.1/forum.php?
2019-03-03 12:27:11,513 - BroserEngine - INFO - Maximize the current window. 
2019-03-03 12:27:11,516 - BroserEngine - INFO - Wait for 10s to open .
2019-03-03 12:27:11,646 - BasePage - INFO - URL为:http://127.0.0.1/forum.php?
2019-03-03 12:27:11,771 - BasePage - INFO - 输入内容为：rebecca
2019-03-03 12:27:11,838 - BasePage - INFO - 输入内容为：123456
2019-03-03 12:27:11,905 - BasePage - INFO - 已单击
2019-03-03 12:27:17,012 - BasePage - INFO - 输入内容为：haotest
2019-03-03 12:27:17,099 - BasePage - INFO - 已单击
2019-03-03 12:27:17,104 - BasePage - INFO - 成功
2019-03-03 12:27:22,224 - BasePage - INFO - 已单击
2019-03-03 12:27:22,228 - BasePage - INFO - 成功
2019-03-03 12:27:29,200 - BasePage - INFO - 刷新成功
2019-03-03 12:27:44,160 - BasePage - INFO - 已单击
2019-03-03 12:28:01,308 - BroserEngine - INFO - You had select Chrome browser
2019-03-03 12:28:01,308 - BroserEngine - INFO - the test server url is :http://127.0.0.1/forum.php?
2019-03-03 12:28:03,510 - BroserEngine - INFO - Starting Chrome browser
2019-03-03 12:28:03,858 - BroserEngine - INFO - Open url:http://127.0.0.1/forum.php?
2019-03-03 12:28:04,979 - BroserEngine - INFO - Maximize the current window. 
2019-03-03 12:28:04,980 - BroserEngine - INFO - Wait for 10s to open .
2019-03-03 12:28:05,138 - BasePage - INFO - URL为:http://127.0.0.1/forum.php?
2019-03-03 12:28:05,275 - BasePage - INFO - 输入内容为：rebecca
2019-03-03 12:28:05,355 - BasePage - INFO - 输入内容为：123456
2019-03-03 12:28:05,423 - BasePage - INFO - 已单击
2019-03-03 12:28:15,662 - BasePage - INFO - 已单击
2019-03-03 12:28:26,101 - BasePage - INFO - 已单击
2019-03-03 12:28:35,554 - BasePage - INFO - 已单击
2019-03-03 12:28:40,767 - BasePage - INFO - 输入内容为：第11投票哈哈哈
2019-03-03 12:28:40,838 - BasePage - INFO - 输入内容为：开心
2019-03-03 12:28:40,906 - BasePage - INFO - 输入内容为：伤心
2019-03-03 12:28:40,976 - BasePage - INFO - 输入内容为：还有
2019-03-03 12:28:51,190 - BasePage - INFO - 已单击
2019-03-03 12:29:03,360 - BasePage - INFO - 已单击
2019-03-03 12:29:12,052 - BasePage - INFO - 已单击
2019-03-03 12:29:20,546 - BasePage - INFO - 成功
2019-03-03 12:29:21,341 - BasePage - INFO - 刷新成功
2019-03-03 12:29:21,857 - BasePage - INFO - 刷新成功
2019-03-03 12:29:22,085 - BasePage - INFO - 已单击
