2019-03-01 15:30:28,340 - BroserEngine - INFO - You had select Chrome browser
2019-03-01 15:30:28,340 - BroserEngine - INFO - the test server url is :http://127.0.0.1/forum.php?
2019-03-01 15:30:32,217 - BroserEngine - INFO - Starting Chrome browser
2019-03-01 15:30:32,619 - BroserEngine - INFO - Open url:http://127.0.0.1/forum.php?
2019-03-01 15:30:33,742 - BroserEngine - INFO - Maximize the current window. 
2019-03-01 15:30:33,744 - BroserEngine - INFO - Wait for 10s to open .
2019-03-01 15:30:37,388 - BasePage - INFO - URL为:http://127.0.0.1/forum.php?
2019-03-01 15:30:37,524 - BasePage - INFO - 输入内容为：rebecca
2019-03-01 15:30:37,600 - BasePage - INFO - 输入内容为：123456
2019-03-01 15:30:37,674 - BasePage - INFO - 已单击
2019-03-01 15:30:42,993 - BasePage - INFO - 已单击
2019-03-01 15:30:48,334 - BasePage - INFO - 已单击
2019-03-01 15:30:52,700 - BasePage - INFO - 已单击
2019-03-01 15:30:57,826 - BasePage - INFO - 输入内容为：第10投票哈哈哈
2019-03-01 15:30:57,894 - BasePage - INFO - 输入内容为：开心
2019-03-01 15:30:57,961 - BasePage - INFO - 输入内容为：伤心
2019-03-01 15:30:58,027 - BasePage - INFO - 输入内容为：还有
2019-03-01 15:31:03,189 - BasePage - INFO - 已单击
2019-03-01 15:31:10,314 - BasePage - INFO - 已单击
2019-03-01 15:31:13,928 - BasePage - INFO - 已单击
2019-03-01 15:31:22,317 - BasePage - INFO - 成功
2019-03-01 15:31:22,795 - BasePage - INFO - 刷新成功
2019-03-01 15:31:23,204 - BasePage - INFO - 刷新成功
2019-03-01 15:31:23,399 - BasePage - INFO - 已单击
